d:\development\dezero_cpp\x64\debug\vc142.pdb
d:\development\dezero_cpp\x64\debug\vc142.idb
d:\development\dezero_cpp\x64\debug\utils.obj
d:\development\dezero_cpp\x64\debug\optimizers.obj
d:\development\dezero_cpp\x64\debug\optimizer.obj
d:\development\dezero_cpp\x64\debug\model.obj
d:\development\dezero_cpp\x64\debug\layer.obj
d:\development\dezero_cpp\x64\debug\function.obj
d:\development\dezero_cpp\x64\debug\op_function.obj
d:\development\dezero_cpp\x64\debug\dezero_cpp.exe
d:\development\dezero_cpp\x64\debug\dezero_cpp.ilk
d:\development\dezero_cpp\x64\debug\dezero_cpp.pdb
d:\development\dezero_cpp\x64\debug\main.obj
d:\development\dezero_cpp\x64\debug\sp_variable.obj
d:\development\dezero_cpp\x64\debug\variable.obj
d:\development\dezero_cpp\x64\debug\dezero_cpp.tlog\cl.command.1.tlog
d:\development\dezero_cpp\x64\debug\dezero_cpp.tlog\cl.read.1.tlog
d:\development\dezero_cpp\x64\debug\dezero_cpp.tlog\cl.write.1.tlog
d:\development\dezero_cpp\x64\debug\dezero_cpp.tlog\link.command.1.tlog
d:\development\dezero_cpp\x64\debug\dezero_cpp.tlog\link.read.1.tlog
d:\development\dezero_cpp\x64\debug\dezero_cpp.tlog\link.write.1.tlog
